Running test with user sesa214884
CMake Error: The current CMakeCache.txt directory /home/sesa214884/GIT/coursera/assignment-2-sbaans/build/CMakeCache.txt is different than the directory /home/sesa214884/GIT/coursera/assignment-1-sbaans/build where CMakeCache.txt was created. This may result in binaries being created in the wrong place. If you are not sure, reedit the CMakeCache.txt
CMake Error: The source "/home/sesa214884/GIT/coursera/assignment-2-sbaans/CMakeLists.txt" does not match the source "/home/sesa214884/GIT/coursera/assignment-1-sbaans/CMakeLists.txt" used to generate cache.  Re-run cmake with a different source directory.
/bin/sh: 1: cd: can't cd to /home/sesa214884/GIT/coursera/assignment-1-sbaans/build/assignment-autotest
make[2]: *** [assignment-autotest/CMakeFiles/assignment-autotest.dir/build.make:232: assignment-autotest/CMakeFiles/assignment-autotest.dir/clean] Error 2
make[1]: *** [CMakeFiles/Makefile2:147: assignment-autotest/CMakeFiles/assignment-autotest.dir/clean] Error 2
make: *** [Makefile:142: clean] Error 2
CMake Error: The source directory "/home/sesa214884/GIT/coursera/assignment-1-sbaans" does not exist.
Specify --help for usage, or press the help button on the CMake GUI.
make: *** [Makefile:215: cmake_check_build_system] Error 1
/home/sesa214884/GIT/coursera/assignment-1-sbaans/assignment-autotest/test/assignment1/Test_hello.c:6:test_hello:INFO: Hello!  Your unity setup is working!
/home/sesa214884/GIT/coursera/assignment-1-sbaans/assignment-autotest/test/assignment1/Test_hello.c:4:test_hello:PASS

-----------------------
1 Tests 0 Failures 0 Ignored 
OK
/home/sesa214884/GIT/coursera/assignment-1-sbaans/assignment-autotest/test/assignment1/Test_assignment_validate.c:9:test_assignment_validate:PASS

-----------------------
1 Tests 0 Failures 0 Ignored 
OK

 This the hardcoded value : sbaans 
Read sbaans from conf/username.txt

 This the username from conf value : sbaans 
/home/sesa214884/GIT/coursera/assignment-1-sbaans/assignment-autotest/../student-test/assignment1/Test_validate_username.c:16:test_validate_my_username:PASS

-----------------------
1 Tests 0 Failures 0 Ignored 
OK
Executing assignment test script
~/GIT/coursera/assignment-2-sbaans/assignment-autotest/test/assignment2 ~/GIT/coursera/assignment-2-sbaans
~/GIT/coursera/assignment-2-sbaans/finder-app ~/GIT/coursera/assignment-2-sbaans/assignment-autotest/test/assignment2 ~/GIT/coursera/assignment-2-sbaans
rm -f writer writer.o
gcc -g   -c -o writer.o writer.c
gcc -o writer writer.o
Error, there should be 2 arguments[0;31mValidation Error:writer should have exited with return value 1 if no parameters were specified[0m
Error, there should be 2 arguments[0;31mValidation Error:writer should have exited with return value 1 if write string is not specified[0m
Using default value AELD_IS_FUN for string to write
Using default value 10 for number of files to write
Writing 10 files containing string AELD_IS_FUN to /tmp/aeld-data
/tmp/aeld-data created
rm -f writer writer.o
gcc -g   -c -o writer.o writer.c
gcc -o writer writer.o
Writing AELD_IS_FUN to /tmp/aeld-data/sbaans1.txtWriting AELD_IS_FUN to /tmp/aeld-data/sbaans2.txtWriting AELD_IS_FUN to /tmp/aeld-data/sbaans3.txtWriting AELD_IS_FUN to /tmp/aeld-data/sbaans4.txtWriting AELD_IS_FUN to /tmp/aeld-data/sbaans5.txtWriting AELD_IS_FUN to /tmp/aeld-data/sbaans6.txtWriting AELD_IS_FUN to /tmp/aeld-data/sbaans7.txtWriting AELD_IS_FUN to /tmp/aeld-data/sbaans8.txtWriting AELD_IS_FUN to /tmp/aeld-data/sbaans9.txtWriting AELD_IS_FUN to /tmp/aeld-data/sbaans10.txtThe number of files are 10 and the number of matching lines are 10
success
Validation failed with error list :writer should have exited with return value 1 if no parameters were specified:writer should have exited with return value 1 if write string is not specified
Test of assignment assignment2 failed with rc=1
Running test with user sesa214884
CMake Error: The current CMakeCache.txt directory /home/sesa214884/GIT/coursera/assignment-2-sbaans/build/CMakeCache.txt is different than the directory /home/sesa214884/GIT/coursera/assignment-1-sbaans/build where CMakeCache.txt was created. This may result in binaries being created in the wrong place. If you are not sure, reedit the CMakeCache.txt
CMake Error: The source "/home/sesa214884/GIT/coursera/assignment-2-sbaans/CMakeLists.txt" does not match the source "/home/sesa214884/GIT/coursera/assignment-1-sbaans/CMakeLists.txt" used to generate cache.  Re-run cmake with a different source directory.
/bin/sh: 1: cd: can't cd to /home/sesa214884/GIT/coursera/assignment-1-sbaans/build/assignment-autotest
make[2]: *** [assignment-autotest/CMakeFiles/assignment-autotest.dir/build.make:232: assignment-autotest/CMakeFiles/assignment-autotest.dir/clean] Error 2
make[1]: *** [CMakeFiles/Makefile2:147: assignment-autotest/CMakeFiles/assignment-autotest.dir/clean] Error 2
make: *** [Makefile:142: clean] Error 2
CMake Error: The source directory "/home/sesa214884/GIT/coursera/assignment-1-sbaans" does not exist.
Specify --help for usage, or press the help button on the CMake GUI.
make: *** [Makefile:215: cmake_check_build_system] Error 1
/home/sesa214884/GIT/coursera/assignment-1-sbaans/assignment-autotest/test/assignment1/Test_hello.c:6:test_hello:INFO: Hello!  Your unity setup is working!
/home/sesa214884/GIT/coursera/assignment-1-sbaans/assignment-autotest/test/assignment1/Test_hello.c:4:test_hello:PASS

-----------------------
1 Tests 0 Failures 0 Ignored 
OK
/home/sesa214884/GIT/coursera/assignment-1-sbaans/assignment-autotest/test/assignment1/Test_assignment_validate.c:9:test_assignment_validate:PASS

-----------------------
1 Tests 0 Failures 0 Ignored 
OK

 This the hardcoded value : sbaans 
Read sbaans from conf/username.txt

 This the username from conf value : sbaans 
/home/sesa214884/GIT/coursera/assignment-1-sbaans/assignment-autotest/../student-test/assignment1/Test_validate_username.c:16:test_validate_my_username:PASS

-----------------------
1 Tests 0 Failures 0 Ignored 
OK
Executing assignment test script
~/GIT/coursera/assignment-2-sbaans/assignment-autotest/test/assignment2 ~/GIT/coursera/assignment-2-sbaans
~/GIT/coursera/assignment-2-sbaans/finder-app ~/GIT/coursera/assignment-2-sbaans/assignment-autotest/test/assignment2 ~/GIT/coursera/assignment-2-sbaans
rm -f writer writer.o
gcc -g   -c -o writer.o writer.c
gcc -o writer writer.o
Error, there should be 2 arguments[0;31mValidation Error:writer should have exited with return value 1 if no parameters were specified[0m
Error, there should be 2 arguments[0;31mValidation Error:writer should have exited with return value 1 if write string is not specified[0m
Using default value AELD_IS_FUN for string to write
Using default value 10 for number of files to write
Writing 10 files containing string AELD_IS_FUN to /tmp/aeld-data
/tmp/aeld-data created
rm -f writer writer.o
gcc -g   -c -o writer.o writer.c
gcc -o writer writer.o
Writing AELD_IS_FUN to /tmp/aeld-data/sbaans1.txtWriting AELD_IS_FUN to /tmp/aeld-data/sbaans2.txtWriting AELD_IS_FUN to /tmp/aeld-data/sbaans3.txtWriting AELD_IS_FUN to /tmp/aeld-data/sbaans4.txtWriting AELD_IS_FUN to /tmp/aeld-data/sbaans5.txtWriting AELD_IS_FUN to /tmp/aeld-data/sbaans6.txtWriting AELD_IS_FUN to /tmp/aeld-data/sbaans7.txtWriting AELD_IS_FUN to /tmp/aeld-data/sbaans8.txtWriting AELD_IS_FUN to /tmp/aeld-data/sbaans9.txtWriting AELD_IS_FUN to /tmp/aeld-data/sbaans10.txtThe number of files are 10 and the number of matching lines are 10
success
Validation failed with error list :writer should have exited with return value 1 if no parameters were specified:writer should have exited with return value 1 if write string is not specified
Test of assignment assignment2 failed with rc=1
Running test with user sesa214884
CMake Error: The current CMakeCache.txt directory /home/sesa214884/GIT/coursera/assignment-2-sbaans/build/CMakeCache.txt is different than the directory /home/sesa214884/GIT/coursera/assignment-1-sbaans/build where CMakeCache.txt was created. This may result in binaries being created in the wrong place. If you are not sure, reedit the CMakeCache.txt
CMake Error: The source "/home/sesa214884/GIT/coursera/assignment-2-sbaans/CMakeLists.txt" does not match the source "/home/sesa214884/GIT/coursera/assignment-1-sbaans/CMakeLists.txt" used to generate cache.  Re-run cmake with a different source directory.
/bin/sh: 1: cd: can't cd to /home/sesa214884/GIT/coursera/assignment-1-sbaans/build/assignment-autotest
make[2]: *** [assignment-autotest/CMakeFiles/assignment-autotest.dir/build.make:232: assignment-autotest/CMakeFiles/assignment-autotest.dir/clean] Error 2
make[1]: *** [CMakeFiles/Makefile2:147: assignment-autotest/CMakeFiles/assignment-autotest.dir/clean] Error 2
make: *** [Makefile:142: clean] Error 2
CMake Error: The source directory "/home/sesa214884/GIT/coursera/assignment-1-sbaans" does not exist.
Specify --help for usage, or press the help button on the CMake GUI.
make: *** [Makefile:215: cmake_check_build_system] Error 1
/home/sesa214884/GIT/coursera/assignment-1-sbaans/assignment-autotest/test/assignment1/Test_hello.c:6:test_hello:INFO: Hello!  Your unity setup is working!
/home/sesa214884/GIT/coursera/assignment-1-sbaans/assignment-autotest/test/assignment1/Test_hello.c:4:test_hello:PASS

-----------------------
1 Tests 0 Failures 0 Ignored 
OK
/home/sesa214884/GIT/coursera/assignment-1-sbaans/assignment-autotest/test/assignment1/Test_assignment_validate.c:9:test_assignment_validate:PASS

-----------------------
1 Tests 0 Failures 0 Ignored 
OK

 This the hardcoded value : sbaans 
Read sbaans from conf/username.txt

 This the username from conf value : sbaans 
/home/sesa214884/GIT/coursera/assignment-1-sbaans/assignment-autotest/../student-test/assignment1/Test_validate_username.c:16:test_validate_my_username:PASS

-----------------------
1 Tests 0 Failures 0 Ignored 
OK
Executing assignment test script
~/GIT/coursera/assignment-2-sbaans/assignment-autotest/test/assignment2 ~/GIT/coursera/assignment-2-sbaans
~/GIT/coursera/assignment-2-sbaans/finder-app ~/GIT/coursera/assignment-2-sbaans/assignment-autotest/test/assignment2 ~/GIT/coursera/assignment-2-sbaans
rm -f writer writer.o
gcc -g   -c -o writer.o writer.c
gcc -o writer writer.o
Error, there should be 2 argumentsError, there should be 2 argumentsUsing default value AELD_IS_FUN for string to write
Using default value 10 for number of files to write
Writing 10 files containing string AELD_IS_FUN to /tmp/aeld-data
/tmp/aeld-data created
rm -f writer writer.o
gcc -g   -c -o writer.o writer.c
gcc -o writer writer.o
Writing AELD_IS_FUN to /tmp/aeld-data/sbaans1.txtWriting AELD_IS_FUN to /tmp/aeld-data/sbaans2.txtWriting AELD_IS_FUN to /tmp/aeld-data/sbaans3.txtWriting AELD_IS_FUN to /tmp/aeld-data/sbaans4.txtWriting AELD_IS_FUN to /tmp/aeld-data/sbaans5.txtWriting AELD_IS_FUN to /tmp/aeld-data/sbaans6.txtWriting AELD_IS_FUN to /tmp/aeld-data/sbaans7.txtWriting AELD_IS_FUN to /tmp/aeld-data/sbaans8.txtWriting AELD_IS_FUN to /tmp/aeld-data/sbaans9.txtWriting AELD_IS_FUN to /tmp/aeld-data/sbaans10.txtThe number of files are 10 and the number of matching lines are 10
success
Test of assignment assignment2 complete with success
Running test with user sesa214884
CMake Error: The current CMakeCache.txt directory /home/sesa214884/GIT/coursera/assignment-2-sbaans/build/CMakeCache.txt is different than the directory /home/sesa214884/GIT/coursera/assignment-1-sbaans/build where CMakeCache.txt was created. This may result in binaries being created in the wrong place. If you are not sure, reedit the CMakeCache.txt
CMake Error: The source "/home/sesa214884/GIT/coursera/assignment-2-sbaans/CMakeLists.txt" does not match the source "/home/sesa214884/GIT/coursera/assignment-1-sbaans/CMakeLists.txt" used to generate cache.  Re-run cmake with a different source directory.
/bin/sh: 1: cd: can't cd to /home/sesa214884/GIT/coursera/assignment-1-sbaans/build/assignment-autotest
make[2]: *** [assignment-autotest/CMakeFiles/assignment-autotest.dir/build.make:232: assignment-autotest/CMakeFiles/assignment-autotest.dir/clean] Error 2
make[1]: *** [CMakeFiles/Makefile2:147: assignment-autotest/CMakeFiles/assignment-autotest.dir/clean] Error 2
make: *** [Makefile:142: clean] Error 2
CMake Error: The source directory "/home/sesa214884/GIT/coursera/assignment-1-sbaans" does not exist.
Specify --help for usage, or press the help button on the CMake GUI.
make: *** [Makefile:215: cmake_check_build_system] Error 1
/home/sesa214884/GIT/coursera/assignment-1-sbaans/assignment-autotest/test/assignment1/Test_hello.c:6:test_hello:INFO: Hello!  Your unity setup is working!
/home/sesa214884/GIT/coursera/assignment-1-sbaans/assignment-autotest/test/assignment1/Test_hello.c:4:test_hello:PASS

-----------------------
1 Tests 0 Failures 0 Ignored 
OK
/home/sesa214884/GIT/coursera/assignment-1-sbaans/assignment-autotest/test/assignment1/Test_assignment_validate.c:9:test_assignment_validate:PASS

-----------------------
1 Tests 0 Failures 0 Ignored 
OK

 This the hardcoded value : sbaans 
Read sbaans from conf/username.txt

 This the username from conf value : sbaans 
/home/sesa214884/GIT/coursera/assignment-1-sbaans/assignment-autotest/../student-test/assignment1/Test_validate_username.c:16:test_validate_my_username:PASS

-----------------------
1 Tests 0 Failures 0 Ignored 
OK
Executing assignment test script
~/GIT/coursera/assignment-2-sbaans/assignment-autotest/test/assignment2 ~/GIT/coursera/assignment-2-sbaans
~/GIT/coursera/assignment-2-sbaans/finder-app ~/GIT/coursera/assignment-2-sbaans/assignment-autotest/test/assignment2 ~/GIT/coursera/assignment-2-sbaans
rm -f writer writer.o
gcc -g   -c -o writer.o writer.c
gcc -o writer writer.o
Error, there should be 2 argumentsError, there should be 2 argumentsUsing default value AELD_IS_FUN for string to write
Using default value 10 for number of files to write
Writing 10 files containing string AELD_IS_FUN to /tmp/aeld-data
/tmp/aeld-data created
rm -f writer writer.o
gcc -g   -c -o writer.o writer.c
gcc -o writer writer.o
Writing AELD_IS_FUN to /tmp/aeld-data/sbaans1.txtWriting AELD_IS_FUN to /tmp/aeld-data/sbaans2.txtWriting AELD_IS_FUN to /tmp/aeld-data/sbaans3.txtWriting AELD_IS_FUN to /tmp/aeld-data/sbaans4.txtWriting AELD_IS_FUN to /tmp/aeld-data/sbaans5.txtWriting AELD_IS_FUN to /tmp/aeld-data/sbaans6.txtWriting AELD_IS_FUN to /tmp/aeld-data/sbaans7.txtWriting AELD_IS_FUN to /tmp/aeld-data/sbaans8.txtWriting AELD_IS_FUN to /tmp/aeld-data/sbaans9.txtWriting AELD_IS_FUN to /tmp/aeld-data/sbaans10.txtThe number of files are 10 and the number of matching lines are 10
success
Test of assignment assignment2 complete with success
